W0201 08:56:39.844000 135897859991360 torch/distributed/run.py:779] 
W0201 08:56:39.844000 135897859991360 torch/distributed/run.py:779] *****************************************
W0201 08:56:39.844000 135897859991360 torch/distributed/run.py:779] Setting OMP_NUM_THREADS environment variable for each process to be 1 in default, to avoid your system being overloaded, please further tune the variable for optimal performance in your application as needed. 
W0201 08:56:39.844000 135897859991360 torch/distributed/run.py:779] *****************************************
/home/infres/zzhu-24/anaconda3/envs/vlm2vec_update/lib/python3.10/site-packages/requests/__init__.py:86: RequestsDependencyWarning: Unable to find acceptable character detection dependency (chardet or charset_normalizer).
  warnings.warn(
/home/infres/zzhu-24/anaconda3/envs/vlm2vec_update/lib/python3.10/site-packages/requests/__init__.py:86: RequestsDependencyWarning: Unable to find acceptable character detection dependency (chardet or charset_normalizer).
  warnings.warn(
/home/infres/zzhu-24/anaconda3/envs/vlm2vec_update/lib/python3.10/site-packages/torch/cuda/__init__.py:128: UserWarning: CUDA initialization: Unexpected error from cudaGetDeviceCount(). Did you run some cuda functions before calling NumCudaDevices() that might have already set an error? Error 804: forward compatibility was attempted on non supported HW (Triggered internally at ../c10/cuda/CUDAFunctions.cpp:108.)
  return torch._C._cuda_getDeviceCount() > 0
/home/infres/zzhu-24/anaconda3/envs/vlm2vec_update/lib/python3.10/site-packages/torch/cuda/__init__.py:128: UserWarning: CUDA initialization: Unexpected error from cudaGetDeviceCount(). Did you run some cuda functions before calling NumCudaDevices() that might have already set an error? Error 804: forward compatibility was attempted on non supported HW (Triggered internally at ../c10/cuda/CUDAFunctions.cpp:108.)
  return torch._C._cuda_getDeviceCount() > 0
Traceback (most recent call last):
  File "/home/infres/zzhu-24/PRIM/VLM2Vec/train.py", line 132, in <module>
    main()
  File "/home/infres/zzhu-24/PRIM/VLM2Vec/train.py", line 41, in main
    model_args, data_args, training_args = parser.parse_args_into_dataclasses()
  File "/home/infres/zzhu-24/anaconda3/envs/vlm2vec_update/lib/python3.10/site-packages/transformers/hf_argparser.py", line 345, in parse_args_into_dataclasses
    obj = dtype(**inputs)
  File "<string>", line 143, in __init__
  File "/home/infres/zzhu-24/anaconda3/envs/vlm2vec_update/lib/python3.10/site-packages/transformers/training_args.py", line 1747, in __post_init__
    raise ValueError(error_message)
ValueError: Your setup doesn't support bf16/gpu.
Traceback (most recent call last):
  File "/home/infres/zzhu-24/PRIM/VLM2Vec/train.py", line 132, in <module>
    main()
  File "/home/infres/zzhu-24/PRIM/VLM2Vec/train.py", line 41, in main
    model_args, data_args, training_args = parser.parse_args_into_dataclasses()
  File "/home/infres/zzhu-24/anaconda3/envs/vlm2vec_update/lib/python3.10/site-packages/transformers/hf_argparser.py", line 345, in parse_args_into_dataclasses
    obj = dtype(**inputs)
  File "<string>", line 143, in __init__
  File "/home/infres/zzhu-24/anaconda3/envs/vlm2vec_update/lib/python3.10/site-packages/transformers/training_args.py", line 1747, in __post_init__
    raise ValueError(error_message)
ValueError: Your setup doesn't support bf16/gpu.
E0201 08:56:51.987000 135897859991360 torch/distributed/elastic/multiprocessing/api.py:833] failed (exitcode: 1) local_rank: 0 (pid: 887145) of binary: /home/infres/zzhu-24/anaconda3/envs/vlm2vec_update/bin/python3.10
Traceback (most recent call last):
  File "/home/infres/zzhu-24/anaconda3/envs/vlm2vec_update/bin/torchrun", line 7, in <module>
    sys.exit(main())
  File "/home/infres/zzhu-24/anaconda3/envs/vlm2vec_update/lib/python3.10/site-packages/torch/distributed/elastic/multiprocessing/errors/__init__.py", line 348, in wrapper
    return f(*args, **kwargs)
  File "/home/infres/zzhu-24/anaconda3/envs/vlm2vec_update/lib/python3.10/site-packages/torch/distributed/run.py", line 901, in main
    run(args)
  File "/home/infres/zzhu-24/anaconda3/envs/vlm2vec_update/lib/python3.10/site-packages/torch/distributed/run.py", line 892, in run
    elastic_launch(
  File "/home/infres/zzhu-24/anaconda3/envs/vlm2vec_update/lib/python3.10/site-packages/torch/distributed/launcher/api.py", line 133, in __call__
    return launch_agent(self._config, self._entrypoint, list(args))
  File "/home/infres/zzhu-24/anaconda3/envs/vlm2vec_update/lib/python3.10/site-packages/torch/distributed/launcher/api.py", line 264, in launch_agent
    raise ChildFailedError(
torch.distributed.elastic.multiprocessing.errors.ChildFailedError: 
============================================================
train.py FAILED
------------------------------------------------------------
Failures:
[1]:
  time      : 2026-02-01_08:56:51
  host      : node40.enst.fr
  rank      : 1 (local_rank: 1)
  exitcode  : 1 (pid: 887146)
  error_file: <N/A>
  traceback : To enable traceback see: https://pytorch.org/docs/stable/elastic/errors.html
------------------------------------------------------------
Root Cause (first observed failure):
[0]:
  time      : 2026-02-01_08:56:51
  host      : node40.enst.fr
  rank      : 0 (local_rank: 0)
  exitcode  : 1 (pid: 887145)
  error_file: <N/A>
  traceback : To enable traceback see: https://pytorch.org/docs/stable/elastic/errors.html
============================================================
